# JRE version: Java(TM) SE Runtime Environment (17.0.7+8) (build 17.0.7+8-LTS-224)
# Java VM: Java HotSpot(TM) 64-Bit Server VM (17.0.7+8-LTS-224, mixed mode, sharing, tiered, compressed oops, compressed class ptrs, g1 gc, windows-amd64)
GC Precious Log:
 CPUs: 8 total, 8 available
 Memory: 7957M
 Large Page Support: Disabled
 NUMA Support: Disabled
 Compressed Oops: Enabled (32-bit)
 Heap Region Size: 1M
 Heap Min Capacity: 8M
 Heap Initial Capacity: 126M
 Heap Max Capacity: 1990M
 Pre-touch: Disabled
 Parallel Workers: 8
 Concurrent Workers: 2
 Concurrent Refinement Workers: 8
 Periodic GC: Disabled
Heap:
 garbage-first heap   total 89088K, used 42949K [0x0000000083a00000, 0x0000000100000000)
  region size 1024K, 20 young (20480K), 6 survivors (6144K)
 Metaspace       used 78334K, committed 78976K, reserved 1122304K
  class space    used 10381K, committed 10688K, reserved 1048576K
GC Heap History (20 events):
Event: 5022.946 GC heap before
{Heap before GC invocations=52 (full 0):
 garbage-first heap   total 92160K, used 33357K [0x0000000083a00000, 0x0000000100000000)
  region size 1024K, 4 young (4096K), 1 survivors (1024K)
 Metaspace       used 76636K, committed 77504K, reserved 1122304K
  class space    used 10242K, committed 10688K, reserved 1048576K
}
Event: 5022.965 GC heap after
{Heap after GC invocations=53 (full 0):
 garbage-first heap   total 92160K, used 29927K [0x0000000083a00000, 0x0000000100000000)
  region size 1024K, 1 young (1024K), 1 survivors (1024K)
 Metaspace       used 76636K, committed 77504K, reserved 1122304K
  class space    used 10242K, committed 10688K, reserved 1048576K
}
Event: 5806.434 GC heap before
{Heap before GC invocations=53 (full 0):
 garbage-first heap   total 92160K, used 81127K [0x0000000083a00000, 0x0000000100000000)
  region size 1024K, 51 young (52224K), 1 survivors (1024K)
 Metaspace       used 76676K, committed 77568K, reserved 1122304K
  class space    used 10242K, committed 10688K, reserved 1048576K
}
Event: 5806.457 GC heap after
{Heap after GC invocations=54 (full 0):
 garbage-first heap   total 92160K, used 29904K [0x0000000083a00000, 0x0000000100000000)
  region size 1024K, 1 young (1024K), 1 survivors (1024K)
 Metaspace       used 76676K, committed 77568K, reserved 1122304K
  class space    used 10242K, committed 10688K, reserved 1048576K
}
Event: 6581.811 GC heap before
{Heap before GC invocations=55 (full 0):
 garbage-first heap   total 92160K, used 81104K [0x0000000083a00000, 0x0000000100000000)
  region size 1024K, 51 young (52224K), 1 survivors (1024K)
 Metaspace       used 76692K, committed 77568K, reserved 1122304K
  class space    used 10242K, committed 10688K, reserved 1048576K
}
Event: 6581.816 GC heap after
{Heap after GC invocations=56 (full 0):
 garbage-first heap   total 92160K, used 29928K [0x0000000083a00000, 0x0000000100000000)
  region size 1024K, 1 young (1024K), 1 survivors (1024K)
 Metaspace       used 76692K, committed 77568K, reserved 1122304K
  class space    used 10242K, committed 10688K, reserved 1048576K
}
Event: 6630.102 GC heap before
{Heap before GC invocations=56 (full 0):
 garbage-first heap   total 92160K, used 33000K [0x0000000083a00000, 0x0000000100000000)
  region size 1024K, 4 young (4096K), 1 survivors (1024K)
 Metaspace       used 76692K, committed 77568K, reserved 1122304K
  class space    used 10242K, committed 10688K, reserved 1048576K
}
Event: 6630.121 GC heap after
{Heap after GC invocations=57 (full 0):
 garbage-first heap   total 92160K, used 29713K [0x0000000083a00000, 0x0000000100000000)
  region size 1024K, 1 young (1024K), 1 survivors (1024K)
 Metaspace       used 76692K, committed 77568K, reserved 1122304K
  class space    used 10242K, committed 10688K, reserved 1048576K
}
Event: 7403.079 GC heap before
{Heap before GC invocations=57 (full 0):
 garbage-first heap   total 92160K, used 80913K [0x0000000083a00000, 0x0000000100000000)
  region size 1024K, 51 young (52224K), 1 survivors (1024K)
 Metaspace       used 76763K, committed 77632K, reserved 1122304K
  class space    used 10243K, committed 10688K, reserved 1048576K
}
Event: 7403.128 GC heap after
{Heap after GC invocations=58 (full 0):
 garbage-first heap   total 92160K, used 30026K [0x0000000083a00000, 0x0000000100000000)
  region size 1024K, 1 young (1024K), 1 survivors (1024K)
 Metaspace       used 76763K, committed 77632K, reserved 1122304K
  class space    used 10243K, committed 10688K, reserved 1048576K
}
Event: 8136.786 GC heap before
{Heap before GC invocations=59 (full 0):
 garbage-first heap   total 92160K, used 80202K [0x0000000083a00000, 0x0000000100000000)
  region size 1024K, 50 young (51200K), 1 survivors (1024K)
 Metaspace       used 76844K, committed 77632K, reserved 1122304K
  class space    used 10246K, committed 10688K, reserved 1048576K
}
Event: 8136.815 GC heap after
{Heap after GC invocations=60 (full 0):
 garbage-first heap   total 92160K, used 30149K [0x0000000083a00000, 0x0000000100000000)
  region size 1024K, 1 young (1024K), 1 survivors (1024K)
 Metaspace       used 76844K, committed 77632K, reserved 1122304K
  class space    used 10246K, committed 10688K, reserved 1048576K
}
Event: 8184.307 GC heap before
{Heap before GC invocations=60 (full 0):
 garbage-first heap   total 92160K, used 33221K [0x0000000083a00000, 0x0000000100000000)
  region size 1024K, 4 young (4096K), 1 survivors (1024K)
 Metaspace       used 76844K, committed 77632K, reserved 1122304K
  class space    used 10246K, committed 10688K, reserved 1048576K
}
Event: 8184.354 GC heap after
{Heap after GC invocations=61 (full 0):
 garbage-first heap   total 92160K, used 29755K [0x0000000083a00000, 0x0000000100000000)
  region size 1024K, 1 young (1024K), 1 survivors (1024K)
 Metaspace       used 76844K, committed 77632K, reserved 1122304K
  class space    used 10246K, committed 10688K, reserved 1048576K
}
Event: 8890.748 GC heap before
{Heap before GC invocations=61 (full 0):
 garbage-first heap   total 92160K, used 79931K [0x0000000083a00000, 0x0000000100000000)
  region size 1024K, 50 young (51200K), 1 survivors (1024K)
 Metaspace       used 77053K, committed 77760K, reserved 1122304K
  class space    used 10254K, committed 10688K, reserved 1048576K
}
Event: 8890.784 GC heap after
{Heap after GC invocations=62 (full 0):
 garbage-first heap   total 92160K, used 29983K [0x0000000083a00000, 0x0000000100000000)
  region size 1024K, 1 young (1024K), 1 survivors (1024K)
 Metaspace       used 77053K, committed 77760K, reserved 1122304K
  class space    used 10254K, committed 10688K, reserved 1048576K
}
Event: 9544.692 GC heap before
{Heap before GC invocations=63 (full 0):
 garbage-first heap   total 92160K, used 79135K [0x0000000083a00000, 0x0000000100000000)
  region size 1024K, 50 young (51200K), 1 survivors (1024K)
 Metaspace       used 77334K, committed 78080K, reserved 1122304K
  class space    used 10290K, committed 10688K, reserved 1048576K
}
Event: 9545.099 GC heap after
{Heap after GC invocations=64 (full 1):
 garbage-first heap   total 89088K, used 24089K [0x0000000083a00000, 0x0000000100000000)
  region size 1024K, 0 young (0K), 0 survivors (0K)
 Metaspace       used 77334K, committed 78080K, reserved 1122304K
  class space    used 10290K, committed 10688K, reserved 1048576K
}
Event: 9549.193 GC heap before
{Heap before GC invocations=64 (full 1):
 garbage-first heap   total 89088K, used 75289K [0x0000000083a00000, 0x0000000100000000)
  region size 1024K, 50 young (51200K), 0 survivors (0K)
 Metaspace       used 77890K, committed 78592K, reserved 1122304K
  class space    used 10327K, committed 10688K, reserved 1048576K
}
Event: 9549.210 GC heap after
{Heap after GC invocations=65 (full 1):
 garbage-first heap   total 89088K, used 29637K [0x0000000083a00000, 0x0000000100000000)
  region size 1024K, 6 young (6144K), 6 survivors (6144K)
 Metaspace       used 77890K, committed 78592K, reserved 1122304K
  class space    used 10327K, committed 10688K, reserved 1048576K
}

